<?xml version="1.0" encoding="UTF-8"?>
<!-- Generated by org.testng.reporters.JUnitReportReporter -->
<testsuite hostname="kallu-PC" name="Onlineshoppingstore.SellerLogin" tests="2" failures="0" timestamp="14 Jun 2019 05:25:27 GMT" time="41.525" errors="0">
  <testcase name="Slogin" time="21.967" classname="Onlineshoppingstore.SellerLogin"/>
  <testcase name="click" time="19.558" classname="Onlineshoppingstore.SellerLogin"/>
</testsuite> <!-- Onlineshoppingstore.SellerLogin -->
