<?xml version="1.0" encoding="UTF-8"?>
<!-- Generated by org.testng.reporters.JUnitReportReporter -->
<testsuite hostname="kallu-PC" name="Onlineshoppingstore.InvisibleLink" tests="1" failures="0" timestamp="14 Jun 2019 05:25:26 GMT" time="63.314" errors="1">
  <testcase name="getLinks" time="63.314" classname="Onlineshoppingstore.InvisibleLink">
    <error type="org.openqa.selenium.WebDriverException" message="Failed to connect to binary FirefoxBinary(C:\Program Files\Mozilla Firefox\firefox.exe) on port 7059; process output follows: 
se,&quot;appDisabled&quot;:false,&quot;descriptor&quot;:&quot;C:\\Program Files\\Mozilla Firefox\\browser\\features\\loop@mozilla.org.xpi&quot;,&quot;installDate&quot;:1462246394000,&quot;updateDate&quot;:1462246394000,&quot;applyBackgroundUpdates&quot;:1,&quot;bootstrap&quot;:true,&quot;skinnable&quot;:false,&quot;size&quot;:4185303,&quot;sourceURI&quot;:null,&quot;releaseNotesURI&quot;:null,&quot;softDisabled&quot;:false,&quot;foreignInstall&quot;:false,&quot;hasBinaryComponents&quot;:false,&quot;strictCompatibility&quot;:false,&quot;locales&quot;:[],&quot;targetApplications&quot;:[{&quot;id&quot;:&quot;{ec8030f7-c20a-464f-9b0e-13a3a9e97384}&quot;,&quot;minVersion&quot;:&quot;46.0a1&quot;,&quot;maxVersion&quot;:&quot;46.*&quot;},{&quot;id&quot;:&quot;xpcshell@tests.mozilla.org&quot;,&quot;minVersion&quot;:&quot;0&quot;,&quot;maxVersion&quot;:&quot;10&quot;}],&quot;targetPlatforms&quot;:[],&quot;multiprocessCompatible&quot;:false,&quot;seen&quot;:true}
1560489887214	addons.xpi	DEBUG	getModTime: Recursive scan of loop@mozilla.org
1560489887215	addons.xpi	DEBUG	Updating XPIState for {&quot;id&quot;:&quot;{972ce4c6-7e08-4474-a285-3208198ce6fd}&quot;,&quot;syncGUID&quot;:&quot;lPJWQ9E8Ftgl&quot;,&quot;location&quot;:&quot;app-global&quot;,&quot;version&quot;:&quot;46.0.1&quot;,&quot;type&quot;:&quot;theme&quot;,&quot;internalName&quot;:&quot;classic/1.0&quot;,&quot;updateURL&quot;:null,&quot;updateKey&quot;:null,&quot;optionsURL&quot;:null,&quot;optionsType&quot;:null,&quot;aboutURL&quot;:null,&quot;icons&quot;:{&quot;32&quot;:&quot;icon.png&quot;,&quot;48&quot;:&quot;icon.png&quot;},&quot;iconURL&quot;:null,&quot;icon64URL&quot;:null,&quot;defaultLocale&quot;:{&quot;name&quot;:&quot;Default&quot;,&quot;description&quot;:&quot;The default theme.&quot;,&quot;creator&quot;:&quot;Mozilla&quot;,&quot;homepageURL&quot;:null,&quot;contributors&quot;:[&quot;Mozilla Contributors&quot;]},&quot;visible&quot;:true,&quot;active&quot;:true,&quot;userDisabled&quot;:false,&quot;appDisabled&quot;:false,&quot;descriptor&quot;:&quot;C:\\Program Files\\Mozilla Firefox\\browser\\extensions\\{972ce4c6-7e08-4474-a285-3208198ce6fd}.xpi&quot;,&quot;installDate&quot;:1462246394000,&quot;updateDate&quot;:1462246394000,&quot;applyBackgroundUpdates&quot;:1,&quot;skinnable&quot;:true,&quot;size&quot;:22012,&quot;sourceURI&quot;:null,&quot;releaseNotesURI&quot;:null,&quot;softDisabled&quot;:false,&quot;foreignInstall&quot;:false,&quot;hasBinaryComponents&quot;:false,&quot;strictCompatibility&quot;:true,&quot;locales&quot;:[],&quot;targetApplications&quot;:[{&quot;id&quot;:&quot;{ec8030f7-c20a-464f-9b0e-13a3a9e97384}&quot;,&quot;minVersion&quot;:&quot;46.0.1&quot;,&quot;maxVersion&quot;:&quot;46.0.1&quot;}],&quot;targetPlatforms&quot;:[],&quot;seen&quot;:true}
1560489887215	addons.xpi	DEBUG	getModTime: Recursive scan of {972ce4c6-7e08-4474-a285-3208198ce6fd}
1560489887217	DeferredSave.extensions.json	DEBUG	Save changes
1560489887218	addons.xpi	DEBUG	Updating database with changes to installed add-ons
1560489887218	addons.xpi-utils	DEBUG	Updating add-on states
1560489887220	addons.xpi-utils	DEBUG	Writing add-ons list
1560489887226	addons.xpi	DEBUG	Registering manifest for C:\Program Files\Mozilla Firefox\browser\features\e10srollout@mozilla.org.xpi
1560489887227	addons.xpi	DEBUG	Calling bootstrap method startup on e10srollout@mozilla.org version 1.0
1560489887227	addons.xpi	DEBUG	Registering manifest for C:\Program Files\Mozilla Firefox\browser\features\firefox@getpocket.com.xpi
1560489887228	addons.xpi	DEBUG	Calling bootstrap method startup on firefox@getpocket.com version 1.0
1560489887230	addons.xpi	DEBUG	Registering manifest for C:\Program Files\Mozilla Firefox\browser\features\loop@mozilla.org.xpi
1560489887232	addons.xpi	DEBUG	Calling bootstrap method startup on loop@mozilla.org version 1.2.6
1560489887562	addons.manager	DEBUG	Registering shutdown blocker for XPIProvider
1560489887562	addons.manager	DEBUG	Provider finished startup: XPIProvider
1560489887562	addons.manager	DEBUG	Starting provider: LightweightThemeManager
1560489887562	addons.manager	DEBUG	Registering shutdown blocker for LightweightThemeManager
1560489887563	addons.manager	DEBUG	Provider finished startup: LightweightThemeManager
1560489887563	addons.manager	DEBUG	Starting provider: GMPProvider
1560489887572	addons.manager	DEBUG	Registering shutdown blocker for GMPProvider
1560489887573	addons.manager	DEBUG	Provider finished startup: GMPProvider
1560489887573	addons.manager	DEBUG	Starting provider: PluginProvider
1560489887573	addons.manager	DEBUG	Registering shutdown blocker for PluginProvider
1560489887574	addons.manager	DEBUG	Provider finished startup: PluginProvider
1560489887574	addons.manager	DEBUG	Completed startup sequence
1560489905936	addons.manager	DEBUG	Starting provider: &lt;unnamed-provider&gt;
1560489905936	addons.manager	DEBUG	Registering shutdown blocker for &lt;unnamed-provider&gt;
1560489905936	addons.manager	DEBUG	Provider finished startup: &lt;unnamed-provider&gt;

Build info: version: &#039;2.53.0&#039;, revision: &#039;35ae25b&#039;, time: &#039;2016-03-15 17:00:58&#039;
System info: host: &#039;kallu-PC&#039;, ip: &#039;192.168.0.3&#039;, os.name: &#039;Windows 7&#039;, os.arch: &#039;x86&#039;, os.version: &#039;6.1&#039;, java.version: &#039;1.8.0_191&#039;
Driver info: driver.version: FirefoxDriver">
      <![CDATA[org.openqa.selenium.WebDriverException: Failed to connect to binary FirefoxBinary(C:\Program Files\Mozilla Firefox\firefox.exe) on port 7059; process output follows: 
se,"appDisabled":false,"descriptor":"C:\\Program Files\\Mozilla Firefox\\browser\\features\\loop@mozilla.org.xpi","installDate":1462246394000,"updateDate":1462246394000,"applyBackgroundUpdates":1,"bootstrap":true,"skinnable":false,"size":4185303,"sourceURI":null,"releaseNotesURI":null,"softDisabled":false,"foreignInstall":false,"hasBinaryComponents":false,"strictCompatibility":false,"locales":[],"targetApplications":[{"id":"{ec8030f7-c20a-464f-9b0e-13a3a9e97384}","minVersion":"46.0a1","maxVersion":"46.*"},{"id":"xpcshell@tests.mozilla.org","minVersion":"0","maxVersion":"10"}],"targetPlatforms":[],"multiprocessCompatible":false,"seen":true}
1560489887214	addons.xpi	DEBUG	getModTime: Recursive scan of loop@mozilla.org
1560489887215	addons.xpi	DEBUG	Updating XPIState for {"id":"{972ce4c6-7e08-4474-a285-3208198ce6fd}","syncGUID":"lPJWQ9E8Ftgl","location":"app-global","version":"46.0.1","type":"theme","internalName":"classic/1.0","updateURL":null,"updateKey":null,"optionsURL":null,"optionsType":null,"aboutURL":null,"icons":{"32":"icon.png","48":"icon.png"},"iconURL":null,"icon64URL":null,"defaultLocale":{"name":"Default","description":"The default theme.","creator":"Mozilla","homepageURL":null,"contributors":["Mozilla Contributors"]},"visible":true,"active":true,"userDisabled":false,"appDisabled":false,"descriptor":"C:\\Program Files\\Mozilla Firefox\\browser\\extensions\\{972ce4c6-7e08-4474-a285-3208198ce6fd}.xpi","installDate":1462246394000,"updateDate":1462246394000,"applyBackgroundUpdates":1,"skinnable":true,"size":22012,"sourceURI":null,"releaseNotesURI":null,"softDisabled":false,"foreignInstall":false,"hasBinaryComponents":false,"strictCompatibility":true,"locales":[],"targetApplications":[{"id":"{ec8030f7-c20a-464f-9b0e-13a3a9e97384}","minVersion":"46.0.1","maxVersion":"46.0.1"}],"targetPlatforms":[],"seen":true}
1560489887215	addons.xpi	DEBUG	getModTime: Recursive scan of {972ce4c6-7e08-4474-a285-3208198ce6fd}
1560489887217	DeferredSave.extensions.json	DEBUG	Save changes
1560489887218	addons.xpi	DEBUG	Updating database with changes to installed add-ons
1560489887218	addons.xpi-utils	DEBUG	Updating add-on states
1560489887220	addons.xpi-utils	DEBUG	Writing add-ons list
1560489887226	addons.xpi	DEBUG	Registering manifest for C:\Program Files\Mozilla Firefox\browser\features\e10srollout@mozilla.org.xpi
1560489887227	addons.xpi	DEBUG	Calling bootstrap method startup on e10srollout@mozilla.org version 1.0
1560489887227	addons.xpi	DEBUG	Registering manifest for C:\Program Files\Mozilla Firefox\browser\features\firefox@getpocket.com.xpi
1560489887228	addons.xpi	DEBUG	Calling bootstrap method startup on firefox@getpocket.com version 1.0
1560489887230	addons.xpi	DEBUG	Registering manifest for C:\Program Files\Mozilla Firefox\browser\features\loop@mozilla.org.xpi
1560489887232	addons.xpi	DEBUG	Calling bootstrap method startup on loop@mozilla.org version 1.2.6
1560489887562	addons.manager	DEBUG	Registering shutdown blocker for XPIProvider
1560489887562	addons.manager	DEBUG	Provider finished startup: XPIProvider
1560489887562	addons.manager	DEBUG	Starting provider: LightweightThemeManager
1560489887562	addons.manager	DEBUG	Registering shutdown blocker for LightweightThemeManager
1560489887563	addons.manager	DEBUG	Provider finished startup: LightweightThemeManager
1560489887563	addons.manager	DEBUG	Starting provider: GMPProvider
1560489887572	addons.manager	DEBUG	Registering shutdown blocker for GMPProvider
1560489887573	addons.manager	DEBUG	Provider finished startup: GMPProvider
1560489887573	addons.manager	DEBUG	Starting provider: PluginProvider
1560489887573	addons.manager	DEBUG	Registering shutdown blocker for PluginProvider
1560489887574	addons.manager	DEBUG	Provider finished startup: PluginProvider
1560489887574	addons.manager	DEBUG	Completed startup sequence
1560489905936	addons.manager	DEBUG	Starting provider: <unnamed-provider>
1560489905936	addons.manager	DEBUG	Registering shutdown blocker for <unnamed-provider>
1560489905936	addons.manager	DEBUG	Provider finished startup: <unnamed-provider>

Build info: version: '2.53.0', revision: '35ae25b', time: '2016-03-15 17:00:58'
System info: host: 'kallu-PC', ip: '192.168.0.3', os.name: 'Windows 7', os.arch: 'x86', os.version: '6.1', java.version: '1.8.0_191'
Driver info: driver.version: FirefoxDriver
	at org.openqa.selenium.firefox.internal.NewProfileExtensionConnection.start(NewProfileExtensionConnection.java:124)
	at org.openqa.selenium.firefox.FirefoxDriver.startClient(FirefoxDriver.java:271)
	at org.openqa.selenium.remote.RemoteWebDriver.<init>(RemoteWebDriver.java:119)
	at org.openqa.selenium.firefox.FirefoxDriver.<init>(FirefoxDriver.java:218)
	at org.openqa.selenium.firefox.FirefoxDriver.<init>(FirefoxDriver.java:211)
	at org.openqa.selenium.firefox.FirefoxDriver.<init>(FirefoxDriver.java:207)
	at org.openqa.selenium.firefox.FirefoxDriver.<init>(FirefoxDriver.java:120)
	at Onlineshoppingstore.InvisibleLink.getLinks(InvisibleLink.java:27)
	at sun.reflect.NativeMethodAccessorImpl.invoke0(Native Method)
	at sun.reflect.NativeMethodAccessorImpl.invoke(NativeMethodAccessorImpl.java:62)
	at sun.reflect.DelegatingMethodAccessorImpl.invoke(DelegatingMethodAccessorImpl.java:43)
	at java.lang.reflect.Method.invoke(Method.java:498)
	at org.testng.internal.MethodInvocationHelper.invokeMethod(MethodInvocationHelper.java:85)
	at org.testng.internal.Invoker.invokeMethod(Invoker.java:639)
	at org.testng.internal.Invoker.invokeTestMethod(Invoker.java:816)
	at org.testng.internal.Invoker.invokeTestMethods(Invoker.java:1124)
	at org.testng.internal.TestMethodWorker.invokeTestMethods(TestMethodWorker.java:125)
	at org.testng.internal.TestMethodWorker.run(TestMethodWorker.java:108)
	at org.testng.TestRunner.privateRun(TestRunner.java:774)
	at org.testng.TestRunner.run(TestRunner.java:624)
	at org.testng.SuiteRunner.runTest(SuiteRunner.java:359)
	at org.testng.SuiteRunner.runSequentially(SuiteRunner.java:354)
	at org.testng.SuiteRunner.privateRun(SuiteRunner.java:312)
	at org.testng.SuiteRunner.run(SuiteRunner.java:261)
	at org.testng.SuiteRunnerWorker.runSuite(SuiteRunnerWorker.java:52)
	at org.testng.SuiteRunnerWorker.run(SuiteRunnerWorker.java:86)
	at org.testng.TestNG.runSuitesSequentially(TestNG.java:1215)
	at org.testng.TestNG.runSuitesLocally(TestNG.java:1140)
	at org.testng.TestNG.run(TestNG.java:1048)
	at org.testng.remote.AbstractRemoteTestNG.run(AbstractRemoteTestNG.java:114)
	at org.testng.remote.RemoteTestNG.initAndRun(RemoteTestNG.java:251)
	at org.testng.remote.RemoteTestNG.main(RemoteTestNG.java:77)
Caused by: org.openqa.selenium.firefox.NotConnectedException: Unable to connect to host 127.0.0.1 on port 7059 after 45000 ms. Firefox console output:
se,"appDisabled":false,"descriptor":"C:\\Program Files\\Mozilla Firefox\\browser\\features\\loop@mozilla.org.xpi","installDate":1462246394000,"updateDate":1462246394000,"applyBackgroundUpdates":1,"bootstrap":true,"skinnable":false,"size":4185303,"sourceURI":null,"releaseNotesURI":null,"softDisabled":false,"foreignInstall":false,"hasBinaryComponents":false,"strictCompatibility":false,"locales":[],"targetApplications":[{"id":"{ec8030f7-c20a-464f-9b0e-13a3a9e97384}","minVersion":"46.0a1","maxVersion":"46.*"},{"id":"xpcshell@tests.mozilla.org","minVersion":"0","maxVersion":"10"}],"targetPlatforms":[],"multiprocessCompatible":false,"seen":true}
1560489887214	addons.xpi	DEBUG	getModTime: Recursive scan of loop@mozilla.org
1560489887215	addons.xpi	DEBUG	Updating XPIState for {"id":"{972ce4c6-7e08-4474-a285-3208198ce6fd}","syncGUID":"lPJWQ9E8Ftgl","location":"app-global","version":"46.0.1","type":"theme","internalName":"classic/1.0","updateURL":null,"updateKey":null,"optionsURL":null,"optionsType":null,"aboutURL":null,"icons":{"32":"icon.png","48":"icon.png"},"iconURL":null,"icon64URL":null,"defaultLocale":{"name":"Default","description":"The default theme.","creator":"Mozilla","homepageURL":null,"contributors":["Mozilla Contributors"]},"visible":true,"active":true,"userDisabled":false,"appDisabled":false,"descriptor":"C:\\Program Files\\Mozilla Firefox\\browser\\extensions\\{972ce4c6-7e08-4474-a285-3208198ce6fd}.xpi","installDate":1462246394000,"updateDate":1462246394000,"applyBackgroundUpdates":1,"skinnable":true,"size":22012,"sourceURI":null,"releaseNotesURI":null,"softDisabled":false,"foreignInstall":false,"hasBinaryComponents":false,"strictCompatibility":true,"locales":[],"targetApplications":[{"id":"{ec8030f7-c20a-464f-9b0e-13a3a9e97384}","minVersion":"46.0.1","maxVersion":"46.0.1"}],"targetPlatforms":[],"seen":true}
1560489887215	addons.xpi	DEBUG	getModTime: Recursive scan of {972ce4c6-7e08-4474-a285-3208198ce6fd}
1560489887217	DeferredSave.extensions.json	DEBUG	Save changes
1560489887218	addons.xpi	DEBUG	Updating database with changes to installed add-ons
1560489887218	addons.xpi-utils	DEBUG	Updating add-on states
1560489887220	addons.xpi-utils	DEBUG	Writing add-ons list
1560489887226	addons.xpi	DEBUG	Registering manifest for C:\Program Files\Mozilla Firefox\browser\features\e10srollout@mozilla.org.xpi
1560489887227	addons.xpi	DEBUG	Calling bootstrap method startup on e10srollout@mozilla.org version 1.0
1560489887227	addons.xpi	DEBUG	Registering manifest for C:\Program Files\Mozilla Firefox\browser\features\firefox@getpocket.com.xpi
1560489887228	addons.xpi	DEBUG	Calling bootstrap method startup on firefox@getpocket.com version 1.0
1560489887230	addons.xpi	DEBUG	Registering manifest for C:\Program Files\Mozilla Firefox\browser\features\loop@mozilla.org.xpi
1560489887232	addons.xpi	DEBUG	Calling bootstrap method startup on loop@mozilla.org version 1.2.6
1560489887562	addons.manager	DEBUG	Registering shutdown blocker for XPIProvider
1560489887562	addons.manager	DEBUG	Provider finished startup: XPIProvider
1560489887562	addons.manager	DEBUG	Starting provider: LightweightThemeManager
1560489887562	addons.manager	DEBUG	Registering shutdown blocker for LightweightThemeManager
1560489887563	addons.manager	DEBUG	Provider finished startup: LightweightThemeManager
1560489887563	addons.manager	DEBUG	Starting provider: GMPProvider
1560489887572	addons.manager	DEBUG	Registering shutdown blocker for GMPProvider
1560489887573	addons.manager	DEBUG	Provider finished startup: GMPProvider
1560489887573	addons.manager	DEBUG	Starting provider: PluginProvider
1560489887573	addons.manager	DEBUG	Registering shutdown blocker for PluginProvider
1560489887574	addons.manager	DEBUG	Provider finished startup: PluginProvider
1560489887574	addons.manager	DEBUG	Completed startup sequence
1560489905936	addons.manager	DEBUG	Starting provider: <unnamed-provider>
1560489905936	addons.manager	DEBUG	Registering shutdown blocker for <unnamed-provider>
1560489905936	addons.manager	DEBUG	Provider finished startup: <unnamed-provider>

	at org.openqa.selenium.firefox.internal.NewProfileExtensionConnection.start(NewProfileExtensionConnection.java:112)
	... 31 more
]]>
    </error>
  </testcase> <!-- getLinks -->
</testsuite> <!-- Onlineshoppingstore.InvisibleLink -->
